12 Jan 2022 18:52:43,939 TestNG-tests-1 - browser name is : chrome
12 Jan 2022 18:52:43,939 TestNG-tests-2 - browser name is : chrome
12 Jan 2022 18:52:43,940 TestNG-tests-1 - browser verson  is : 90
12 Jan 2022 18:52:43,940 TestNG-tests-2 - browser verson  is : 90
12 Jan 2022 18:53:03,218 TestNG-tests-2 - Couldn't find template in cache for "spark/spark.spa.ftl"("en_IN", UTF-8, parsed); will try to load it.
12 Jan 2022 18:53:03,220 TestNG-tests-2 - TemplateLoader.findTemplateSource("spark/spark.spa_en_IN.ftl"): Not found
12 Jan 2022 18:53:03,224 TestNG-tests-2 - TemplateLoader.findTemplateSource("spark/spark.spa_en.ftl"): Not found
12 Jan 2022 18:53:03,227 TestNG-tests-2 - TemplateLoader.findTemplateSource("spark/spark.spa.ftl"): Found
12 Jan 2022 18:53:03,228 TestNG-tests-2 - Loading template for "spark/spark.spa.ftl"("en_IN", UTF-8, parsed) from "jar:file:/C:/Users/ABHISHEK/.m2/repository/com/aventstack/extentreports/5.0.8/extentreports-5.0.8.jar!/com/aventstack/extentreports/templates/spark/spark.spa.ftl"
12 Jan 2022 18:53:03,651 TestNG-tests-2 - Couldn't find template in cache for "commons/commons-variables.ftl"("en_IN", UTF-8, parsed); will try to load it.
12 Jan 2022 18:53:03,652 TestNG-tests-2 - TemplateLoader.findTemplateSource("commons/commons-variables_en_IN.ftl"): Not found
12 Jan 2022 18:53:03,655 TestNG-tests-2 - TemplateLoader.findTemplateSource("commons/commons-variables_en.ftl"): Not found
12 Jan 2022 18:53:03,656 TestNG-tests-2 - TemplateLoader.findTemplateSource("commons/commons-variables.ftl"): Found
12 Jan 2022 18:53:03,656 TestNG-tests-2 - Loading template for "commons/commons-variables.ftl"("en_IN", UTF-8, parsed) from "jar:file:/C:/Users/ABHISHEK/.m2/repository/com/aventstack/extentreports/5.0.8/extentreports-5.0.8.jar!/com/aventstack/extentreports/templates/commons/commons-variables.ftl"
12 Jan 2022 18:53:04,129 TestNG-tests-2 - Couldn't find template in cache for "commons/commons-macros.ftl"("en_IN", UTF-8, parsed); will try to load it.
12 Jan 2022 18:53:04,129 TestNG-tests-2 - TemplateLoader.findTemplateSource("commons/commons-macros_en_IN.ftl"): Not found
12 Jan 2022 18:53:04,129 TestNG-tests-2 - TemplateLoader.findTemplateSource("commons/commons-macros_en.ftl"): Not found
12 Jan 2022 18:53:04,131 TestNG-tests-2 - TemplateLoader.findTemplateSource("commons/commons-macros.ftl"): Found
12 Jan 2022 18:53:04,131 TestNG-tests-2 - Loading template for "commons/commons-macros.ftl"("en_IN", UTF-8, parsed) from "jar:file:/C:/Users/ABHISHEK/.m2/repository/com/aventstack/extentreports/5.0.8/extentreports-5.0.8.jar!/com/aventstack/extentreports/templates/commons/commons-macros.ftl"
12 Jan 2022 18:53:04,154 TestNG-tests-2 - Couldn't find template in cache for "spark/macros/attributes.ftl"("en_IN", UTF-8, parsed); will try to load it.
12 Jan 2022 18:53:04,155 TestNG-tests-2 - TemplateLoader.findTemplateSource("spark/macros/attributes_en_IN.ftl"): Not found
12 Jan 2022 18:53:04,155 TestNG-tests-2 - TemplateLoader.findTemplateSource("spark/macros/attributes_en.ftl"): Not found
12 Jan 2022 18:53:04,155 TestNG-tests-2 - TemplateLoader.findTemplateSource("spark/macros/attributes.ftl"): Found
12 Jan 2022 18:53:04,155 TestNG-tests-2 - Loading template for "spark/macros/attributes.ftl"("en_IN", UTF-8, parsed) from "jar:file:/C:/Users/ABHISHEK/.m2/repository/com/aventstack/extentreports/5.0.8/extentreports-5.0.8.jar!/com/aventstack/extentreports/templates/spark/macros/attributes.ftl"
12 Jan 2022 18:53:04,155 TestNG-tests-2 - Couldn't find template in cache for "spark/macros/log.ftl"("en_IN", UTF-8, parsed); will try to load it.
12 Jan 2022 18:53:04,160 TestNG-tests-2 - TemplateLoader.findTemplateSource("spark/macros/log_en_IN.ftl"): Not found
12 Jan 2022 18:53:04,161 TestNG-tests-2 - TemplateLoader.findTemplateSource("spark/macros/log_en.ftl"): Not found
12 Jan 2022 18:53:04,162 TestNG-tests-2 - TemplateLoader.findTemplateSource("spark/macros/log.ftl"): Found
12 Jan 2022 18:53:04,162 TestNG-tests-2 - Loading template for "spark/macros/log.ftl"("en_IN", UTF-8, parsed) from "jar:file:/C:/Users/ABHISHEK/.m2/repository/com/aventstack/extentreports/5.0.8/extentreports-5.0.8.jar!/com/aventstack/extentreports/templates/spark/macros/log.ftl"
12 Jan 2022 18:53:04,170 TestNG-tests-2 - Couldn't find template in cache for "spark/macros/recurse_nodes.ftl"("en_IN", UTF-8, parsed); will try to load it.
12 Jan 2022 18:53:04,171 TestNG-tests-2 - TemplateLoader.findTemplateSource("spark/macros/recurse_nodes_en_IN.ftl"): Not found
12 Jan 2022 18:53:04,171 TestNG-tests-2 - TemplateLoader.findTemplateSource("spark/macros/recurse_nodes_en.ftl"): Not found
12 Jan 2022 18:53:04,171 TestNG-tests-2 - TemplateLoader.findTemplateSource("spark/macros/recurse_nodes.ftl"): Found
12 Jan 2022 18:53:04,171 TestNG-tests-2 - Loading template for "spark/macros/recurse_nodes.ftl"("en_IN", UTF-8, parsed) from "jar:file:/C:/Users/ABHISHEK/.m2/repository/com/aventstack/extentreports/5.0.8/extentreports-5.0.8.jar!/com/aventstack/extentreports/templates/spark/macros/recurse_nodes.ftl"
12 Jan 2022 18:53:04,181 TestNG-tests-2 - "spark/macros/log.ftl"("en_IN", UTF-8, parsed) cached copy not yet stale; using cached.
12 Jan 2022 18:53:04,181 TestNG-tests-2 - Couldn't find template in cache for "spark/macros/attr-common.ftl"("en_IN", UTF-8, parsed); will try to load it.
12 Jan 2022 18:53:04,182 TestNG-tests-2 - TemplateLoader.findTemplateSource("spark/macros/attr-common_en_IN.ftl"): Not found
12 Jan 2022 18:53:04,183 TestNG-tests-2 - TemplateLoader.findTemplateSource("spark/macros/attr-common_en.ftl"): Not found
12 Jan 2022 18:53:04,183 TestNG-tests-2 - TemplateLoader.findTemplateSource("spark/macros/attr-common.ftl"): Found
12 Jan 2022 18:53:04,183 TestNG-tests-2 - Loading template for "spark/macros/attr-common.ftl"("en_IN", UTF-8, parsed) from "jar:file:/C:/Users/ABHISHEK/.m2/repository/com/aventstack/extentreports/5.0.8/extentreports-5.0.8.jar!/com/aventstack/extentreports/templates/spark/macros/attr-common.ftl"
12 Jan 2022 18:53:04,192 TestNG-tests-2 - Couldn't find template in cache for "spark/partials/head.ftl"("en_IN", UTF-8, parsed); will try to load it.
12 Jan 2022 18:53:04,193 TestNG-tests-2 - TemplateLoader.findTemplateSource("spark/partials/head_en_IN.ftl"): Not found
12 Jan 2022 18:53:04,194 TestNG-tests-2 - TemplateLoader.findTemplateSource("spark/partials/head_en.ftl"): Not found
12 Jan 2022 18:53:04,195 TestNG-tests-2 - TemplateLoader.findTemplateSource("spark/partials/head.ftl"): Found
12 Jan 2022 18:53:04,195 TestNG-tests-2 - Loading template for "spark/partials/head.ftl"("en_IN", UTF-8, parsed) from "jar:file:/C:/Users/ABHISHEK/.m2/repository/com/aventstack/extentreports/5.0.8/extentreports-5.0.8.jar!/com/aventstack/extentreports/templates/spark/partials/head.ftl"
12 Jan 2022 18:53:04,195 TestNG-tests-2 - Couldn't find template in cache for "commons/commons-inject-css.ftl"("en_IN", UTF-8, parsed); will try to load it.
12 Jan 2022 18:53:04,195 TestNG-tests-2 - TemplateLoader.findTemplateSource("commons/commons-inject-css_en_IN.ftl"): Not found
12 Jan 2022 18:53:04,195 TestNG-tests-2 - TemplateLoader.findTemplateSource("commons/commons-inject-css_en.ftl"): Not found
12 Jan 2022 18:53:04,195 TestNG-tests-2 - TemplateLoader.findTemplateSource("commons/commons-inject-css.ftl"): Found
12 Jan 2022 18:53:04,195 TestNG-tests-2 - Loading template for "commons/commons-inject-css.ftl"("en_IN", UTF-8, parsed) from "jar:file:/C:/Users/ABHISHEK/.m2/repository/com/aventstack/extentreports/5.0.8/extentreports-5.0.8.jar!/com/aventstack/extentreports/templates/commons/commons-inject-css.ftl"
12 Jan 2022 18:53:04,195 TestNG-tests-2 - Couldn't find template in cache for "spark/partials/navbar.ftl"("en_IN", UTF-8, parsed); will try to load it.
12 Jan 2022 18:53:04,211 TestNG-tests-2 - TemplateLoader.findTemplateSource("spark/partials/navbar_en_IN.ftl"): Not found
12 Jan 2022 18:53:04,212 TestNG-tests-2 - TemplateLoader.findTemplateSource("spark/partials/navbar_en.ftl"): Not found
12 Jan 2022 18:53:04,213 TestNG-tests-2 - TemplateLoader.findTemplateSource("spark/partials/navbar.ftl"): Found
12 Jan 2022 18:53:04,213 TestNG-tests-2 - Loading template for "spark/partials/navbar.ftl"("en_IN", UTF-8, parsed) from "jar:file:/C:/Users/ABHISHEK/.m2/repository/com/aventstack/extentreports/5.0.8/extentreports-5.0.8.jar!/com/aventstack/extentreports/templates/spark/partials/navbar.ftl"
12 Jan 2022 18:53:04,235 TestNG-tests-2 - Couldn't find template in cache for "spark/partials/sidenav.ftl"("en_IN", UTF-8, parsed); will try to load it.
12 Jan 2022 18:53:04,236 TestNG-tests-2 - TemplateLoader.findTemplateSource("spark/partials/sidenav_en_IN.ftl"): Not found
12 Jan 2022 18:53:04,237 TestNG-tests-2 - TemplateLoader.findTemplateSource("spark/partials/sidenav_en.ftl"): Not found
12 Jan 2022 18:53:04,237 TestNG-tests-2 - TemplateLoader.findTemplateSource("spark/partials/sidenav.ftl"): Found
12 Jan 2022 18:53:04,237 TestNG-tests-2 - Loading template for "spark/partials/sidenav.ftl"("en_IN", UTF-8, parsed) from "jar:file:/C:/Users/ABHISHEK/.m2/repository/com/aventstack/extentreports/5.0.8/extentreports-5.0.8.jar!/com/aventstack/extentreports/templates/spark/partials/sidenav.ftl"
12 Jan 2022 18:53:04,278 TestNG-tests-2 - Couldn't find template in cache for "spark/partials/test.ftl"("en_IN", UTF-8, parsed); will try to load it.
12 Jan 2022 18:53:04,278 TestNG-tests-2 - TemplateLoader.findTemplateSource("spark/partials/test_en_IN.ftl"): Not found
12 Jan 2022 18:53:04,278 TestNG-tests-2 - TemplateLoader.findTemplateSource("spark/partials/test_en.ftl"): Not found
12 Jan 2022 18:53:04,278 TestNG-tests-2 - TemplateLoader.findTemplateSource("spark/partials/test.ftl"): Found
12 Jan 2022 18:53:04,278 TestNG-tests-2 - Loading template for "spark/partials/test.ftl"("en_IN", UTF-8, parsed) from "jar:file:/C:/Users/ABHISHEK/.m2/repository/com/aventstack/extentreports/5.0.8/extentreports-5.0.8.jar!/com/aventstack/extentreports/templates/spark/partials/test.ftl"
12 Jan 2022 18:53:04,325 TestNG-tests-2 - Couldn't find template in cache for "spark/partials/standard-content.ftl"("en_IN", UTF-8, parsed); will try to load it.
12 Jan 2022 18:53:04,327 TestNG-tests-2 - TemplateLoader.findTemplateSource("spark/partials/standard-content_en_IN.ftl"): Not found
12 Jan 2022 18:53:04,328 TestNG-tests-2 - TemplateLoader.findTemplateSource("spark/partials/standard-content_en.ftl"): Not found
12 Jan 2022 18:53:04,328 TestNG-tests-2 - TemplateLoader.findTemplateSource("spark/partials/standard-content.ftl"): Found
12 Jan 2022 18:53:04,328 TestNG-tests-2 - Loading template for "spark/partials/standard-content.ftl"("en_IN", UTF-8, parsed) from "jar:file:/C:/Users/ABHISHEK/.m2/repository/com/aventstack/extentreports/5.0.8/extentreports-5.0.8.jar!/com/aventstack/extentreports/templates/spark/partials/standard-content.ftl"
12 Jan 2022 18:53:04,344 TestNG-tests-2 - "spark/partials/standard-content.ftl"("en_IN", UTF-8, parsed) cached copy not yet stale; using cached.
12 Jan 2022 18:53:04,349 TestNG-tests-2 - "spark/partials/standard-content.ftl"("en_IN", UTF-8, parsed) cached copy not yet stale; using cached.
12 Jan 2022 18:53:04,355 TestNG-tests-2 - "spark/partials/standard-content.ftl"("en_IN", UTF-8, parsed) cached copy not yet stale; using cached.
12 Jan 2022 18:53:04,359 TestNG-tests-2 - "spark/partials/standard-content.ftl"("en_IN", UTF-8, parsed) cached copy not yet stale; using cached.
12 Jan 2022 18:53:04,361 TestNG-tests-2 - "spark/partials/standard-content.ftl"("en_IN", UTF-8, parsed) cached copy not yet stale; using cached.
12 Jan 2022 18:53:04,363 TestNG-tests-2 - "spark/partials/standard-content.ftl"("en_IN", UTF-8, parsed) cached copy not yet stale; using cached.
12 Jan 2022 18:53:04,363 TestNG-tests-2 - Couldn't find template in cache for "spark/partials/exception.ftl"("en_IN", UTF-8, parsed); will try to load it.
12 Jan 2022 18:53:04,363 TestNG-tests-2 - TemplateLoader.findTemplateSource("spark/partials/exception_en_IN.ftl"): Not found
12 Jan 2022 18:53:04,363 TestNG-tests-2 - TemplateLoader.findTemplateSource("spark/partials/exception_en.ftl"): Not found
12 Jan 2022 18:53:04,372 TestNG-tests-2 - TemplateLoader.findTemplateSource("spark/partials/exception.ftl"): Found
12 Jan 2022 18:53:04,373 TestNG-tests-2 - Loading template for "spark/partials/exception.ftl"("en_IN", UTF-8, parsed) from "jar:file:/C:/Users/ABHISHEK/.m2/repository/com/aventstack/extentreports/5.0.8/extentreports-5.0.8.jar!/com/aventstack/extentreports/templates/spark/partials/exception.ftl"
12 Jan 2022 18:53:04,373 TestNG-tests-2 - Couldn't find template in cache for "spark/partials/category.ftl"("en_IN", UTF-8, parsed); will try to load it.
12 Jan 2022 18:53:04,375 TestNG-tests-2 - TemplateLoader.findTemplateSource("spark/partials/category_en_IN.ftl"): Not found
12 Jan 2022 18:53:04,375 TestNG-tests-2 - TemplateLoader.findTemplateSource("spark/partials/category_en.ftl"): Not found
12 Jan 2022 18:53:04,376 TestNG-tests-2 - TemplateLoader.findTemplateSource("spark/partials/category.ftl"): Found
12 Jan 2022 18:53:04,376 TestNG-tests-2 - Loading template for "spark/partials/category.ftl"("en_IN", UTF-8, parsed) from "jar:file:/C:/Users/ABHISHEK/.m2/repository/com/aventstack/extentreports/5.0.8/extentreports-5.0.8.jar!/com/aventstack/extentreports/templates/spark/partials/category.ftl"
12 Jan 2022 18:53:04,389 TestNG-tests-2 - Couldn't find template in cache for "spark/partials/device.ftl"("en_IN", UTF-8, parsed); will try to load it.
12 Jan 2022 18:53:04,389 TestNG-tests-2 - TemplateLoader.findTemplateSource("spark/partials/device_en_IN.ftl"): Not found
12 Jan 2022 18:53:04,389 TestNG-tests-2 - TemplateLoader.findTemplateSource("spark/partials/device_en.ftl"): Not found
12 Jan 2022 18:53:04,389 TestNG-tests-2 - TemplateLoader.findTemplateSource("spark/partials/device.ftl"): Found
12 Jan 2022 18:53:04,389 TestNG-tests-2 - Loading template for "spark/partials/device.ftl"("en_IN", UTF-8, parsed) from "jar:file:/C:/Users/ABHISHEK/.m2/repository/com/aventstack/extentreports/5.0.8/extentreports-5.0.8.jar!/com/aventstack/extentreports/templates/spark/partials/device.ftl"
12 Jan 2022 18:53:04,398 TestNG-tests-2 - Couldn't find template in cache for "spark/partials/author.ftl"("en_IN", UTF-8, parsed); will try to load it.
12 Jan 2022 18:53:04,398 TestNG-tests-2 - TemplateLoader.findTemplateSource("spark/partials/author_en_IN.ftl"): Not found
12 Jan 2022 18:53:04,398 TestNG-tests-2 - TemplateLoader.findTemplateSource("spark/partials/author_en.ftl"): Not found
12 Jan 2022 18:53:04,398 TestNG-tests-2 - TemplateLoader.findTemplateSource("spark/partials/author.ftl"): Found
12 Jan 2022 18:53:04,398 TestNG-tests-2 - Loading template for "spark/partials/author.ftl"("en_IN", UTF-8, parsed) from "jar:file:/C:/Users/ABHISHEK/.m2/repository/com/aventstack/extentreports/5.0.8/extentreports-5.0.8.jar!/com/aventstack/extentreports/templates/spark/partials/author.ftl"
12 Jan 2022 18:53:04,405 TestNG-tests-2 - Couldn't find template in cache for "spark/partials/log.ftl"("en_IN", UTF-8, parsed); will try to load it.
12 Jan 2022 18:53:04,405 TestNG-tests-2 - TemplateLoader.findTemplateSource("spark/partials/log_en_IN.ftl"): Not found
12 Jan 2022 18:53:04,406 TestNG-tests-2 - TemplateLoader.findTemplateSource("spark/partials/log_en.ftl"): Not found
12 Jan 2022 18:53:04,407 TestNG-tests-2 - TemplateLoader.findTemplateSource("spark/partials/log.ftl"): Found
12 Jan 2022 18:53:04,407 TestNG-tests-2 - Loading template for "spark/partials/log.ftl"("en_IN", UTF-8, parsed) from "jar:file:/C:/Users/ABHISHEK/.m2/repository/com/aventstack/extentreports/5.0.8/extentreports-5.0.8.jar!/com/aventstack/extentreports/templates/spark/partials/log.ftl"
12 Jan 2022 18:53:04,408 TestNG-tests-2 - Couldn't find template in cache for "spark/partials/dashboard.ftl"("en_IN", UTF-8, parsed); will try to load it.
12 Jan 2022 18:53:04,408 TestNG-tests-2 - TemplateLoader.findTemplateSource("spark/partials/dashboard_en_IN.ftl"): Not found
12 Jan 2022 18:53:04,408 TestNG-tests-2 - TemplateLoader.findTemplateSource("spark/partials/dashboard_en.ftl"): Not found
12 Jan 2022 18:53:04,408 TestNG-tests-2 - TemplateLoader.findTemplateSource("spark/partials/dashboard.ftl"): Found
12 Jan 2022 18:53:04,408 TestNG-tests-2 - Loading template for "spark/partials/dashboard.ftl"("en_IN", UTF-8, parsed) from "jar:file:/C:/Users/ABHISHEK/.m2/repository/com/aventstack/extentreports/5.0.8/extentreports-5.0.8.jar!/com/aventstack/extentreports/templates/spark/partials/dashboard.ftl"
12 Jan 2022 18:53:04,499 TestNG-tests-2 - Couldn't find template in cache for "spark/partials/scripts.ftl"("en_IN", UTF-8, parsed); will try to load it.
12 Jan 2022 18:53:04,500 TestNG-tests-2 - TemplateLoader.findTemplateSource("spark/partials/scripts_en_IN.ftl"): Not found
12 Jan 2022 18:53:04,500 TestNG-tests-2 - TemplateLoader.findTemplateSource("spark/partials/scripts_en.ftl"): Not found
12 Jan 2022 18:53:04,500 TestNG-tests-2 - TemplateLoader.findTemplateSource("spark/partials/scripts.ftl"): Found
12 Jan 2022 18:53:04,500 TestNG-tests-2 - Loading template for "spark/partials/scripts.ftl"("en_IN", UTF-8, parsed) from "jar:file:/C:/Users/ABHISHEK/.m2/repository/com/aventstack/extentreports/5.0.8/extentreports-5.0.8.jar!/com/aventstack/extentreports/templates/spark/partials/scripts.ftl"
12 Jan 2022 18:53:04,507 TestNG-tests-2 - Couldn't find template in cache for "commons/commons-inject-js.ftl"("en_IN", UTF-8, parsed); will try to load it.
12 Jan 2022 18:53:04,508 TestNG-tests-2 - TemplateLoader.findTemplateSource("commons/commons-inject-js_en_IN.ftl"): Not found
12 Jan 2022 18:53:04,508 TestNG-tests-2 - TemplateLoader.findTemplateSource("commons/commons-inject-js_en.ftl"): Not found
12 Jan 2022 18:53:04,508 TestNG-tests-2 - TemplateLoader.findTemplateSource("commons/commons-inject-js.ftl"): Found
12 Jan 2022 18:53:04,508 TestNG-tests-2 - Loading template for "commons/commons-inject-js.ftl"("en_IN", UTF-8, parsed) from "jar:file:/C:/Users/ABHISHEK/.m2/repository/com/aventstack/extentreports/5.0.8/extentreports-5.0.8.jar!/com/aventstack/extentreports/templates/commons/commons-inject-js.ftl"
12 Jan 2022 18:53:04,622 TestNG-tests-1 - "spark/spark.spa.ftl"("en_IN", UTF-8, parsed) cached copy not yet stale; using cached.
12 Jan 2022 18:53:04,629 TestNG-tests-1 - "commons/commons-variables.ftl"("en_IN", UTF-8, parsed) cached copy not yet stale; using cached.
12 Jan 2022 18:53:04,631 TestNG-tests-1 - "commons/commons-macros.ftl"("en_IN", UTF-8, parsed) cached copy not yet stale; using cached.
12 Jan 2022 18:53:04,631 TestNG-tests-1 - "spark/macros/attributes.ftl"("en_IN", UTF-8, parsed) cached copy not yet stale; using cached.
12 Jan 2022 18:53:04,631 TestNG-tests-1 - "spark/macros/log.ftl"("en_IN", UTF-8, parsed) cached copy not yet stale; using cached.
12 Jan 2022 18:53:04,631 TestNG-tests-1 - "spark/macros/recurse_nodes.ftl"("en_IN", UTF-8, parsed) cached copy not yet stale; using cached.
12 Jan 2022 18:53:04,631 TestNG-tests-1 - "spark/macros/log.ftl"("en_IN", UTF-8, parsed) cached copy not yet stale; using cached.
12 Jan 2022 18:53:04,631 TestNG-tests-1 - "spark/macros/attr-common.ftl"("en_IN", UTF-8, parsed) cached copy not yet stale; using cached.
12 Jan 2022 18:53:04,631 TestNG-tests-1 - "spark/partials/head.ftl"("en_IN", UTF-8, parsed) cached copy not yet stale; using cached.
12 Jan 2022 18:53:04,631 TestNG-tests-1 - "commons/commons-inject-css.ftl"("en_IN", UTF-8, parsed) cached copy not yet stale; using cached.
12 Jan 2022 18:53:04,631 TestNG-tests-1 - "spark/partials/navbar.ftl"("en_IN", UTF-8, parsed) cached copy not yet stale; using cached.
12 Jan 2022 18:53:04,631 TestNG-tests-1 - "spark/partials/sidenav.ftl"("en_IN", UTF-8, parsed) cached copy not yet stale; using cached.
12 Jan 2022 18:53:04,631 TestNG-tests-1 - "spark/partials/test.ftl"("en_IN", UTF-8, parsed) cached copy not yet stale; using cached.
12 Jan 2022 18:53:04,646 TestNG-tests-1 - "spark/partials/standard-content.ftl"("en_IN", UTF-8, parsed) cached copy not yet stale; using cached.
12 Jan 2022 18:53:04,650 TestNG-tests-1 - "spark/partials/standard-content.ftl"("en_IN", UTF-8, parsed) cached copy not yet stale; using cached.
12 Jan 2022 18:53:04,655 TestNG-tests-1 - "spark/partials/standard-content.ftl"("en_IN", UTF-8, parsed) cached copy not yet stale; using cached.
12 Jan 2022 18:53:04,658 TestNG-tests-1 - "spark/partials/standard-content.ftl"("en_IN", UTF-8, parsed) cached copy not yet stale; using cached.
12 Jan 2022 18:53:04,659 TestNG-tests-1 - "spark/partials/standard-content.ftl"("en_IN", UTF-8, parsed) cached copy not yet stale; using cached.
12 Jan 2022 18:53:04,660 TestNG-tests-1 - "spark/partials/standard-content.ftl"("en_IN", UTF-8, parsed) cached copy not yet stale; using cached.
12 Jan 2022 18:53:04,662 TestNG-tests-1 - "spark/partials/standard-content.ftl"("en_IN", UTF-8, parsed) cached copy not yet stale; using cached.
12 Jan 2022 18:53:04,662 TestNG-tests-1 - "spark/partials/exception.ftl"("en_IN", UTF-8, parsed) cached copy not yet stale; using cached.
12 Jan 2022 18:53:04,663 TestNG-tests-1 - "spark/partials/category.ftl"("en_IN", UTF-8, parsed) cached copy not yet stale; using cached.
12 Jan 2022 18:53:04,664 TestNG-tests-1 - "spark/partials/device.ftl"("en_IN", UTF-8, parsed) cached copy not yet stale; using cached.
12 Jan 2022 18:53:04,670 TestNG-tests-1 - "spark/partials/author.ftl"("en_IN", UTF-8, parsed) cached copy not yet stale; using cached.
12 Jan 2022 18:53:04,671 TestNG-tests-1 - "spark/partials/log.ftl"("en_IN", UTF-8, parsed) cached copy not yet stale; using cached.
12 Jan 2022 18:53:04,671 TestNG-tests-1 - "spark/partials/dashboard.ftl"("en_IN", UTF-8, parsed) cached copy not yet stale; using cached.
12 Jan 2022 18:53:04,682 TestNG-tests-1 - "spark/partials/scripts.ftl"("en_IN", UTF-8, parsed) cached copy not yet stale; using cached.
12 Jan 2022 18:53:04,682 TestNG-tests-1 - "commons/commons-inject-js.ftl"("en_IN", UTF-8, parsed) cached copy not yet stale; using cached.
12 Jan 2022 18:59:14,022 TestNG-tests-1 - browser name is : chrome
12 Jan 2022 18:59:14,022 TestNG-tests-2 - browser name is : chrome
12 Jan 2022 18:59:14,023 TestNG-tests-1 - browser verson  is : 90
12 Jan 2022 18:59:14,023 TestNG-tests-2 - browser verson  is : 90
12 Jan 2022 18:59:34,345 TestNG-tests-2 - Couldn't find template in cache for "spark/spark.spa.ftl"("en_IN", UTF-8, parsed); will try to load it.
12 Jan 2022 18:59:34,347 TestNG-tests-2 - TemplateLoader.findTemplateSource("spark/spark.spa_en_IN.ftl"): Not found
12 Jan 2022 18:59:34,350 TestNG-tests-2 - TemplateLoader.findTemplateSource("spark/spark.spa_en.ftl"): Not found
12 Jan 2022 18:59:34,351 TestNG-tests-2 - TemplateLoader.findTemplateSource("spark/spark.spa.ftl"): Found
12 Jan 2022 18:59:34,352 TestNG-tests-2 - Loading template for "spark/spark.spa.ftl"("en_IN", UTF-8, parsed) from "jar:file:/C:/Users/ABHISHEK/.m2/repository/com/aventstack/extentreports/5.0.8/extentreports-5.0.8.jar!/com/aventstack/extentreports/templates/spark/spark.spa.ftl"
12 Jan 2022 18:59:34,763 TestNG-tests-2 - Couldn't find template in cache for "commons/commons-variables.ftl"("en_IN", UTF-8, parsed); will try to load it.
12 Jan 2022 18:59:34,765 TestNG-tests-2 - TemplateLoader.findTemplateSource("commons/commons-variables_en_IN.ftl"): Not found
12 Jan 2022 18:59:34,765 TestNG-tests-2 - TemplateLoader.findTemplateSource("commons/commons-variables_en.ftl"): Not found
12 Jan 2022 18:59:34,766 TestNG-tests-2 - TemplateLoader.findTemplateSource("commons/commons-variables.ftl"): Found
12 Jan 2022 18:59:34,766 TestNG-tests-2 - Loading template for "commons/commons-variables.ftl"("en_IN", UTF-8, parsed) from "jar:file:/C:/Users/ABHISHEK/.m2/repository/com/aventstack/extentreports/5.0.8/extentreports-5.0.8.jar!/com/aventstack/extentreports/templates/commons/commons-variables.ftl"
12 Jan 2022 18:59:35,231 TestNG-tests-2 - Couldn't find template in cache for "commons/commons-macros.ftl"("en_IN", UTF-8, parsed); will try to load it.
12 Jan 2022 18:59:35,232 TestNG-tests-2 - TemplateLoader.findTemplateSource("commons/commons-macros_en_IN.ftl"): Not found
12 Jan 2022 18:59:35,232 TestNG-tests-2 - TemplateLoader.findTemplateSource("commons/commons-macros_en.ftl"): Not found
12 Jan 2022 18:59:35,236 TestNG-tests-2 - TemplateLoader.findTemplateSource("commons/commons-macros.ftl"): Found
12 Jan 2022 18:59:35,236 TestNG-tests-2 - Loading template for "commons/commons-macros.ftl"("en_IN", UTF-8, parsed) from "jar:file:/C:/Users/ABHISHEK/.m2/repository/com/aventstack/extentreports/5.0.8/extentreports-5.0.8.jar!/com/aventstack/extentreports/templates/commons/commons-macros.ftl"
12 Jan 2022 18:59:35,284 TestNG-tests-2 - Couldn't find template in cache for "spark/macros/attributes.ftl"("en_IN", UTF-8, parsed); will try to load it.
12 Jan 2022 18:59:35,285 TestNG-tests-2 - TemplateLoader.findTemplateSource("spark/macros/attributes_en_IN.ftl"): Not found
12 Jan 2022 18:59:35,287 TestNG-tests-2 - TemplateLoader.findTemplateSource("spark/macros/attributes_en.ftl"): Not found
12 Jan 2022 18:59:35,288 TestNG-tests-2 - TemplateLoader.findTemplateSource("spark/macros/attributes.ftl"): Found
12 Jan 2022 18:59:35,288 TestNG-tests-2 - Loading template for "spark/macros/attributes.ftl"("en_IN", UTF-8, parsed) from "jar:file:/C:/Users/ABHISHEK/.m2/repository/com/aventstack/extentreports/5.0.8/extentreports-5.0.8.jar!/com/aventstack/extentreports/templates/spark/macros/attributes.ftl"
12 Jan 2022 18:59:35,292 TestNG-tests-2 - Couldn't find template in cache for "spark/macros/log.ftl"("en_IN", UTF-8, parsed); will try to load it.
12 Jan 2022 18:59:35,293 TestNG-tests-2 - TemplateLoader.findTemplateSource("spark/macros/log_en_IN.ftl"): Not found
12 Jan 2022 18:59:35,293 TestNG-tests-2 - TemplateLoader.findTemplateSource("spark/macros/log_en.ftl"): Not found
12 Jan 2022 18:59:35,293 TestNG-tests-2 - TemplateLoader.findTemplateSource("spark/macros/log.ftl"): Found
12 Jan 2022 18:59:35,293 TestNG-tests-2 - Loading template for "spark/macros/log.ftl"("en_IN", UTF-8, parsed) from "jar:file:/C:/Users/ABHISHEK/.m2/repository/com/aventstack/extentreports/5.0.8/extentreports-5.0.8.jar!/com/aventstack/extentreports/templates/spark/macros/log.ftl"
12 Jan 2022 18:59:35,299 TestNG-tests-2 - Couldn't find template in cache for "spark/macros/recurse_nodes.ftl"("en_IN", UTF-8, parsed); will try to load it.
12 Jan 2022 18:59:35,304 TestNG-tests-2 - TemplateLoader.findTemplateSource("spark/macros/recurse_nodes_en_IN.ftl"): Not found
12 Jan 2022 18:59:35,305 TestNG-tests-2 - TemplateLoader.findTemplateSource("spark/macros/recurse_nodes_en.ftl"): Not found
12 Jan 2022 18:59:35,314 TestNG-tests-2 - TemplateLoader.findTemplateSource("spark/macros/recurse_nodes.ftl"): Found
12 Jan 2022 18:59:35,314 TestNG-tests-2 - Loading template for "spark/macros/recurse_nodes.ftl"("en_IN", UTF-8, parsed) from "jar:file:/C:/Users/ABHISHEK/.m2/repository/com/aventstack/extentreports/5.0.8/extentreports-5.0.8.jar!/com/aventstack/extentreports/templates/spark/macros/recurse_nodes.ftl"
12 Jan 2022 18:59:35,323 TestNG-tests-2 - "spark/macros/log.ftl"("en_IN", UTF-8, parsed) cached copy not yet stale; using cached.
12 Jan 2022 18:59:35,323 TestNG-tests-2 - Couldn't find template in cache for "spark/macros/attr-common.ftl"("en_IN", UTF-8, parsed); will try to load it.
12 Jan 2022 18:59:35,323 TestNG-tests-2 - TemplateLoader.findTemplateSource("spark/macros/attr-common_en_IN.ftl"): Not found
12 Jan 2022 18:59:35,325 TestNG-tests-2 - TemplateLoader.findTemplateSource("spark/macros/attr-common_en.ftl"): Not found
12 Jan 2022 18:59:35,326 TestNG-tests-2 - TemplateLoader.findTemplateSource("spark/macros/attr-common.ftl"): Found
12 Jan 2022 18:59:35,326 TestNG-tests-2 - Loading template for "spark/macros/attr-common.ftl"("en_IN", UTF-8, parsed) from "jar:file:/C:/Users/ABHISHEK/.m2/repository/com/aventstack/extentreports/5.0.8/extentreports-5.0.8.jar!/com/aventstack/extentreports/templates/spark/macros/attr-common.ftl"
12 Jan 2022 18:59:35,356 TestNG-tests-2 - Couldn't find template in cache for "spark/partials/head.ftl"("en_IN", UTF-8, parsed); will try to load it.
12 Jan 2022 18:59:35,357 TestNG-tests-2 - TemplateLoader.findTemplateSource("spark/partials/head_en_IN.ftl"): Not found
12 Jan 2022 18:59:35,358 TestNG-tests-2 - TemplateLoader.findTemplateSource("spark/partials/head_en.ftl"): Not found
12 Jan 2022 18:59:35,358 TestNG-tests-2 - TemplateLoader.findTemplateSource("spark/partials/head.ftl"): Found
12 Jan 2022 18:59:35,358 TestNG-tests-2 - Loading template for "spark/partials/head.ftl"("en_IN", UTF-8, parsed) from "jar:file:/C:/Users/ABHISHEK/.m2/repository/com/aventstack/extentreports/5.0.8/extentreports-5.0.8.jar!/com/aventstack/extentreports/templates/spark/partials/head.ftl"
12 Jan 2022 18:59:35,366 TestNG-tests-2 - Couldn't find template in cache for "commons/commons-inject-css.ftl"("en_IN", UTF-8, parsed); will try to load it.
12 Jan 2022 18:59:35,367 TestNG-tests-2 - TemplateLoader.findTemplateSource("commons/commons-inject-css_en_IN.ftl"): Not found
12 Jan 2022 18:59:35,368 TestNG-tests-2 - TemplateLoader.findTemplateSource("commons/commons-inject-css_en.ftl"): Not found
12 Jan 2022 18:59:35,369 TestNG-tests-2 - TemplateLoader.findTemplateSource("commons/commons-inject-css.ftl"): Found
12 Jan 2022 18:59:35,370 TestNG-tests-2 - Loading template for "commons/commons-inject-css.ftl"("en_IN", UTF-8, parsed) from "jar:file:/C:/Users/ABHISHEK/.m2/repository/com/aventstack/extentreports/5.0.8/extentreports-5.0.8.jar!/com/aventstack/extentreports/templates/commons/commons-inject-css.ftl"
12 Jan 2022 18:59:35,371 TestNG-tests-2 - Couldn't find template in cache for "spark/partials/navbar.ftl"("en_IN", UTF-8, parsed); will try to load it.
12 Jan 2022 18:59:35,372 TestNG-tests-2 - TemplateLoader.findTemplateSource("spark/partials/navbar_en_IN.ftl"): Not found
12 Jan 2022 18:59:35,373 TestNG-tests-2 - TemplateLoader.findTemplateSource("spark/partials/navbar_en.ftl"): Not found
12 Jan 2022 18:59:35,373 TestNG-tests-2 - TemplateLoader.findTemplateSource("spark/partials/navbar.ftl"): Found
12 Jan 2022 18:59:35,373 TestNG-tests-2 - Loading template for "spark/partials/navbar.ftl"("en_IN", UTF-8, parsed) from "jar:file:/C:/Users/ABHISHEK/.m2/repository/com/aventstack/extentreports/5.0.8/extentreports-5.0.8.jar!/com/aventstack/extentreports/templates/spark/partials/navbar.ftl"
12 Jan 2022 18:59:35,392 TestNG-tests-2 - Couldn't find template in cache for "spark/partials/sidenav.ftl"("en_IN", UTF-8, parsed); will try to load it.
12 Jan 2022 18:59:35,394 TestNG-tests-2 - TemplateLoader.findTemplateSource("spark/partials/sidenav_en_IN.ftl"): Not found
12 Jan 2022 18:59:35,395 TestNG-tests-2 - TemplateLoader.findTemplateSource("spark/partials/sidenav_en.ftl"): Not found
12 Jan 2022 18:59:35,395 TestNG-tests-2 - TemplateLoader.findTemplateSource("spark/partials/sidenav.ftl"): Found
12 Jan 2022 18:59:35,396 TestNG-tests-2 - Loading template for "spark/partials/sidenav.ftl"("en_IN", UTF-8, parsed) from "jar:file:/C:/Users/ABHISHEK/.m2/repository/com/aventstack/extentreports/5.0.8/extentreports-5.0.8.jar!/com/aventstack/extentreports/templates/spark/partials/sidenav.ftl"
12 Jan 2022 18:59:35,451 TestNG-tests-2 - Couldn't find template in cache for "spark/partials/test.ftl"("en_IN", UTF-8, parsed); will try to load it.
12 Jan 2022 18:59:35,453 TestNG-tests-2 - TemplateLoader.findTemplateSource("spark/partials/test_en_IN.ftl"): Not found
12 Jan 2022 18:59:35,453 TestNG-tests-2 - TemplateLoader.findTemplateSource("spark/partials/test_en.ftl"): Not found
12 Jan 2022 18:59:35,454 TestNG-tests-2 - TemplateLoader.findTemplateSource("spark/partials/test.ftl"): Found
12 Jan 2022 18:59:35,455 TestNG-tests-2 - Loading template for "spark/partials/test.ftl"("en_IN", UTF-8, parsed) from "jar:file:/C:/Users/ABHISHEK/.m2/repository/com/aventstack/extentreports/5.0.8/extentreports-5.0.8.jar!/com/aventstack/extentreports/templates/spark/partials/test.ftl"
12 Jan 2022 18:59:35,544 TestNG-tests-2 - Couldn't find template in cache for "spark/partials/standard-content.ftl"("en_IN", UTF-8, parsed); will try to load it.
12 Jan 2022 18:59:35,545 TestNG-tests-2 - TemplateLoader.findTemplateSource("spark/partials/standard-content_en_IN.ftl"): Not found
12 Jan 2022 18:59:35,545 TestNG-tests-2 - TemplateLoader.findTemplateSource("spark/partials/standard-content_en.ftl"): Not found
12 Jan 2022 18:59:35,546 TestNG-tests-2 - TemplateLoader.findTemplateSource("spark/partials/standard-content.ftl"): Found
12 Jan 2022 18:59:35,546 TestNG-tests-2 - Loading template for "spark/partials/standard-content.ftl"("en_IN", UTF-8, parsed) from "jar:file:/C:/Users/ABHISHEK/.m2/repository/com/aventstack/extentreports/5.0.8/extentreports-5.0.8.jar!/com/aventstack/extentreports/templates/spark/partials/standard-content.ftl"
12 Jan 2022 18:59:35,566 TestNG-tests-2 - "spark/partials/standard-content.ftl"("en_IN", UTF-8, parsed) cached copy not yet stale; using cached.
12 Jan 2022 18:59:35,571 TestNG-tests-2 - "spark/partials/standard-content.ftl"("en_IN", UTF-8, parsed) cached copy not yet stale; using cached.
12 Jan 2022 18:59:35,573 TestNG-tests-2 - "spark/partials/standard-content.ftl"("en_IN", UTF-8, parsed) cached copy not yet stale; using cached.
12 Jan 2022 18:59:35,575 TestNG-tests-2 - "spark/partials/standard-content.ftl"("en_IN", UTF-8, parsed) cached copy not yet stale; using cached.
12 Jan 2022 18:59:35,582 TestNG-tests-2 - "spark/partials/standard-content.ftl"("en_IN", UTF-8, parsed) cached copy not yet stale; using cached.
12 Jan 2022 18:59:35,584 TestNG-tests-2 - "spark/partials/standard-content.ftl"("en_IN", UTF-8, parsed) cached copy not yet stale; using cached.
12 Jan 2022 18:59:35,584 TestNG-tests-2 - Couldn't find template in cache for "spark/partials/exception.ftl"("en_IN", UTF-8, parsed); will try to load it.
12 Jan 2022 18:59:35,584 TestNG-tests-2 - TemplateLoader.findTemplateSource("spark/partials/exception_en_IN.ftl"): Not found
12 Jan 2022 18:59:35,586 TestNG-tests-2 - TemplateLoader.findTemplateSource("spark/partials/exception_en.ftl"): Not found
12 Jan 2022 18:59:35,587 TestNG-tests-2 - TemplateLoader.findTemplateSource("spark/partials/exception.ftl"): Found
12 Jan 2022 18:59:35,587 TestNG-tests-2 - Loading template for "spark/partials/exception.ftl"("en_IN", UTF-8, parsed) from "jar:file:/C:/Users/ABHISHEK/.m2/repository/com/aventstack/extentreports/5.0.8/extentreports-5.0.8.jar!/com/aventstack/extentreports/templates/spark/partials/exception.ftl"
12 Jan 2022 18:59:35,589 TestNG-tests-2 - Couldn't find template in cache for "spark/partials/category.ftl"("en_IN", UTF-8, parsed); will try to load it.
12 Jan 2022 18:59:35,590 TestNG-tests-2 - TemplateLoader.findTemplateSource("spark/partials/category_en_IN.ftl"): Not found
12 Jan 2022 18:59:35,590 TestNG-tests-2 - TemplateLoader.findTemplateSource("spark/partials/category_en.ftl"): Not found
12 Jan 2022 18:59:35,590 TestNG-tests-2 - TemplateLoader.findTemplateSource("spark/partials/category.ftl"): Found
12 Jan 2022 18:59:35,591 TestNG-tests-2 - Loading template for "spark/partials/category.ftl"("en_IN", UTF-8, parsed) from "jar:file:/C:/Users/ABHISHEK/.m2/repository/com/aventstack/extentreports/5.0.8/extentreports-5.0.8.jar!/com/aventstack/extentreports/templates/spark/partials/category.ftl"
12 Jan 2022 18:59:35,600 TestNG-tests-2 - Couldn't find template in cache for "spark/partials/device.ftl"("en_IN", UTF-8, parsed); will try to load it.
12 Jan 2022 18:59:35,601 TestNG-tests-2 - TemplateLoader.findTemplateSource("spark/partials/device_en_IN.ftl"): Not found
12 Jan 2022 18:59:35,602 TestNG-tests-2 - TemplateLoader.findTemplateSource("spark/partials/device_en.ftl"): Not found
12 Jan 2022 18:59:35,603 TestNG-tests-2 - TemplateLoader.findTemplateSource("spark/partials/device.ftl"): Found
12 Jan 2022 18:59:35,603 TestNG-tests-2 - Loading template for "spark/partials/device.ftl"("en_IN", UTF-8, parsed) from "jar:file:/C:/Users/ABHISHEK/.m2/repository/com/aventstack/extentreports/5.0.8/extentreports-5.0.8.jar!/com/aventstack/extentreports/templates/spark/partials/device.ftl"
12 Jan 2022 18:59:35,610 TestNG-tests-2 - Couldn't find template in cache for "spark/partials/author.ftl"("en_IN", UTF-8, parsed); will try to load it.
12 Jan 2022 18:59:35,611 TestNG-tests-2 - TemplateLoader.findTemplateSource("spark/partials/author_en_IN.ftl"): Not found
12 Jan 2022 18:59:35,612 TestNG-tests-2 - TemplateLoader.findTemplateSource("spark/partials/author_en.ftl"): Not found
12 Jan 2022 18:59:35,613 TestNG-tests-2 - TemplateLoader.findTemplateSource("spark/partials/author.ftl"): Found
12 Jan 2022 18:59:35,613 TestNG-tests-2 - Loading template for "spark/partials/author.ftl"("en_IN", UTF-8, parsed) from "jar:file:/C:/Users/ABHISHEK/.m2/repository/com/aventstack/extentreports/5.0.8/extentreports-5.0.8.jar!/com/aventstack/extentreports/templates/spark/partials/author.ftl"
12 Jan 2022 18:59:35,616 TestNG-tests-2 - Couldn't find template in cache for "spark/partials/log.ftl"("en_IN", UTF-8, parsed); will try to load it.
12 Jan 2022 18:59:35,617 TestNG-tests-2 - TemplateLoader.findTemplateSource("spark/partials/log_en_IN.ftl"): Not found
12 Jan 2022 18:59:35,618 TestNG-tests-2 - TemplateLoader.findTemplateSource("spark/partials/log_en.ftl"): Not found
12 Jan 2022 18:59:35,618 TestNG-tests-2 - TemplateLoader.findTemplateSource("spark/partials/log.ftl"): Found
12 Jan 2022 18:59:35,618 TestNG-tests-2 - Loading template for "spark/partials/log.ftl"("en_IN", UTF-8, parsed) from "jar:file:/C:/Users/ABHISHEK/.m2/repository/com/aventstack/extentreports/5.0.8/extentreports-5.0.8.jar!/com/aventstack/extentreports/templates/spark/partials/log.ftl"
12 Jan 2022 18:59:35,619 TestNG-tests-2 - Couldn't find template in cache for "spark/partials/dashboard.ftl"("en_IN", UTF-8, parsed); will try to load it.
12 Jan 2022 18:59:35,620 TestNG-tests-2 - TemplateLoader.findTemplateSource("spark/partials/dashboard_en_IN.ftl"): Not found
12 Jan 2022 18:59:35,621 TestNG-tests-2 - TemplateLoader.findTemplateSource("spark/partials/dashboard_en.ftl"): Not found
12 Jan 2022 18:59:35,622 TestNG-tests-2 - TemplateLoader.findTemplateSource("spark/partials/dashboard.ftl"): Found
12 Jan 2022 18:59:35,622 TestNG-tests-2 - Loading template for "spark/partials/dashboard.ftl"("en_IN", UTF-8, parsed) from "jar:file:/C:/Users/ABHISHEK/.m2/repository/com/aventstack/extentreports/5.0.8/extentreports-5.0.8.jar!/com/aventstack/extentreports/templates/spark/partials/dashboard.ftl"
12 Jan 2022 18:59:35,691 TestNG-tests-2 - Couldn't find template in cache for "spark/partials/scripts.ftl"("en_IN", UTF-8, parsed); will try to load it.
12 Jan 2022 18:59:35,692 TestNG-tests-2 - TemplateLoader.findTemplateSource("spark/partials/scripts_en_IN.ftl"): Not found
12 Jan 2022 18:59:35,692 TestNG-tests-2 - TemplateLoader.findTemplateSource("spark/partials/scripts_en.ftl"): Not found
12 Jan 2022 18:59:35,693 TestNG-tests-2 - TemplateLoader.findTemplateSource("spark/partials/scripts.ftl"): Found
12 Jan 2022 18:59:35,693 TestNG-tests-2 - Loading template for "spark/partials/scripts.ftl"("en_IN", UTF-8, parsed) from "jar:file:/C:/Users/ABHISHEK/.m2/repository/com/aventstack/extentreports/5.0.8/extentreports-5.0.8.jar!/com/aventstack/extentreports/templates/spark/partials/scripts.ftl"
12 Jan 2022 18:59:35,696 TestNG-tests-2 - Couldn't find template in cache for "commons/commons-inject-js.ftl"("en_IN", UTF-8, parsed); will try to load it.
12 Jan 2022 18:59:35,697 TestNG-tests-2 - TemplateLoader.findTemplateSource("commons/commons-inject-js_en_IN.ftl"): Not found
12 Jan 2022 18:59:35,699 TestNG-tests-2 - TemplateLoader.findTemplateSource("commons/commons-inject-js_en.ftl"): Not found
12 Jan 2022 18:59:35,700 TestNG-tests-2 - TemplateLoader.findTemplateSource("commons/commons-inject-js.ftl"): Found
12 Jan 2022 18:59:35,700 TestNG-tests-2 - Loading template for "commons/commons-inject-js.ftl"("en_IN", UTF-8, parsed) from "jar:file:/C:/Users/ABHISHEK/.m2/repository/com/aventstack/extentreports/5.0.8/extentreports-5.0.8.jar!/com/aventstack/extentreports/templates/commons/commons-inject-js.ftl"
12 Jan 2022 18:59:36,209 TestNG-tests-1 - "spark/spark.spa.ftl"("en_IN", UTF-8, parsed) cached copy not yet stale; using cached.
12 Jan 2022 18:59:36,210 TestNG-tests-1 - "commons/commons-variables.ftl"("en_IN", UTF-8, parsed) cached copy not yet stale; using cached.
12 Jan 2022 18:59:36,211 TestNG-tests-1 - "commons/commons-macros.ftl"("en_IN", UTF-8, parsed) cached copy not yet stale; using cached.
12 Jan 2022 18:59:36,211 TestNG-tests-1 - "spark/macros/attributes.ftl"("en_IN", UTF-8, parsed) cached copy not yet stale; using cached.
12 Jan 2022 18:59:36,211 TestNG-tests-1 - "spark/macros/log.ftl"("en_IN", UTF-8, parsed) cached copy not yet stale; using cached.
12 Jan 2022 18:59:36,212 TestNG-tests-1 - "spark/macros/recurse_nodes.ftl"("en_IN", UTF-8, parsed) cached copy not yet stale; using cached.
12 Jan 2022 18:59:36,212 TestNG-tests-1 - "spark/macros/log.ftl"("en_IN", UTF-8, parsed) cached copy not yet stale; using cached.
12 Jan 2022 18:59:36,212 TestNG-tests-1 - "spark/macros/attr-common.ftl"("en_IN", UTF-8, parsed) cached copy not yet stale; using cached.
12 Jan 2022 18:59:36,213 TestNG-tests-1 - "spark/partials/head.ftl"("en_IN", UTF-8, parsed) cached copy not yet stale; using cached.
12 Jan 2022 18:59:36,213 TestNG-tests-1 - "commons/commons-inject-css.ftl"("en_IN", UTF-8, parsed) cached copy not yet stale; using cached.
12 Jan 2022 18:59:36,213 TestNG-tests-1 - "spark/partials/navbar.ftl"("en_IN", UTF-8, parsed) cached copy not yet stale; using cached.
12 Jan 2022 18:59:36,214 TestNG-tests-1 - "spark/partials/sidenav.ftl"("en_IN", UTF-8, parsed) cached copy not yet stale; using cached.
12 Jan 2022 18:59:36,219 TestNG-tests-1 - "spark/partials/test.ftl"("en_IN", UTF-8, parsed) cached copy not yet stale; using cached.
12 Jan 2022 18:59:36,225 TestNG-tests-1 - "spark/partials/standard-content.ftl"("en_IN", UTF-8, parsed) cached copy not yet stale; using cached.
12 Jan 2022 18:59:36,230 TestNG-tests-1 - "spark/partials/standard-content.ftl"("en_IN", UTF-8, parsed) cached copy not yet stale; using cached.
12 Jan 2022 18:59:36,233 TestNG-tests-1 - "spark/partials/standard-content.ftl"("en_IN", UTF-8, parsed) cached copy not yet stale; using cached.
12 Jan 2022 18:59:36,237 TestNG-tests-1 - "spark/partials/standard-content.ftl"("en_IN", UTF-8, parsed) cached copy not yet stale; using cached.
12 Jan 2022 18:59:36,239 TestNG-tests-1 - "spark/partials/standard-content.ftl"("en_IN", UTF-8, parsed) cached copy not yet stale; using cached.
12 Jan 2022 18:59:36,241 TestNG-tests-1 - "spark/partials/standard-content.ftl"("en_IN", UTF-8, parsed) cached copy not yet stale; using cached.
12 Jan 2022 18:59:36,243 TestNG-tests-1 - "spark/partials/standard-content.ftl"("en_IN", UTF-8, parsed) cached copy not yet stale; using cached.
12 Jan 2022 18:59:36,244 TestNG-tests-1 - "spark/partials/exception.ftl"("en_IN", UTF-8, parsed) cached copy not yet stale; using cached.
12 Jan 2022 18:59:36,244 TestNG-tests-1 - "spark/partials/category.ftl"("en_IN", UTF-8, parsed) cached copy not yet stale; using cached.
12 Jan 2022 18:59:36,254 TestNG-tests-1 - "spark/partials/device.ftl"("en_IN", UTF-8, parsed) cached copy not yet stale; using cached.
12 Jan 2022 18:59:36,254 TestNG-tests-1 - "spark/partials/author.ftl"("en_IN", UTF-8, parsed) cached copy not yet stale; using cached.
12 Jan 2022 18:59:36,256 TestNG-tests-1 - "spark/partials/log.ftl"("en_IN", UTF-8, parsed) cached copy not yet stale; using cached.
12 Jan 2022 18:59:36,256 TestNG-tests-1 - "spark/partials/dashboard.ftl"("en_IN", UTF-8, parsed) cached copy not yet stale; using cached.
12 Jan 2022 18:59:36,267 TestNG-tests-1 - "spark/partials/scripts.ftl"("en_IN", UTF-8, parsed) cached copy not yet stale; using cached.
12 Jan 2022 18:59:36,268 TestNG-tests-1 - "commons/commons-inject-js.ftl"("en_IN", UTF-8, parsed) cached copy not yet stale; using cached.
